[0mGET /api/registerUser [33m404[0m 2.908 ms - 155[0m
[0mPOST /api/registerUser [31m500[0m 1.845 ms - 1491[0m
[0mPOST /api/registerUser [31m500[0m 2.318 ms - 1491[0m
[0mPOST /api/registerUser [31m500[0m 6.751 ms - 1491[0m
[0mPOST /api/registerUser [31m500[0m 2.323 ms - 1490[0m
[0mPOST /api/registerUser [33m400[0m 695.302 ms - 28[0m
[0mPOST /api/registerUser [32m200[0m 21.281 ms - 10[0m
[0mPOST /api/registerUser [33m400[0m 14.036 ms - 21[0m
[0mPOST /api/topup [32m200[0m 20.177 ms - 5[0m
[0mPOST /api/topup [32m200[0m 3.395 ms - 5[0m
[0mPOST /api/topup [33m400[0m 1.625 ms - 21[0m
[0mPOST /api/topup [32m200[0m 3.087 ms - 5[0m
[0mPOST /api/topup [32m200[0m 2.739 ms - 5[0m
[0mPOST /api/topup [32m200[0m 3.921 ms - 6[0m
[0mPOST /api/topup [32m200[0m 2.824 ms - 6[0m
[0mPOST /api/subscribeAPI [33m400[0m 1.026 ms - 21[0m
[0mPOST /api/subscribeAPI [33m400[0m 1.198 ms - 17[0m
[0mPOST /api/topup [32m200[0m 3.016 ms - 6[0m
[0mPOST /api/subscribeAPI [32m200[0m 3.412 ms - 18[0m
[0mPOST /api/addLaporan [33m400[0m 1.085 ms - 34[0m
[0mPOST /api/addLaporan [32m200[0m 3.474 ms - 23[0m
[0mPOST /api/addLaporan [32m200[0m 1.481 ms - 23[0m
[0mPOST /api/addLaporan [32m200[0m 1.217 ms - 23[0m
[0mPOST /api/addLaporan [32m200[0m 16.563 ms - 23[0m
[0mPOST /api/addLaporan [32m200[0m 2.494 ms - 23[0m
[0mPOST /api/addLaporan [32m200[0m 22.771 ms - 23[0m
[0mPOST /api/getKelurahan?zip_kode=60241 [33m404[0m 2.009 ms - 156[0m
[0mGET /api/getKelurahan?zip_kode=60241 [33m400[0m 0.805 ms - 17[0m
[0mGET /api/getKelurahan?zip_kode=60241&apiKey=3252853524 [32m200[0m 22.243 ms - 175[0m
[0mGET /api/searchLaporan?apiKey=3252853524 [32m200[0m 15.481 ms - 1738[0m
[0mGET /api/registerUser [33m404[0m 13.635 ms - 155[0m
[0mPOST /api/registerUser [32m200[0m 10.053 ms - 10[0m
[0mPOST /api/registerUser [33m400[0m 1.044 ms - 21[0m
